JavaPathfinder core system v8.0 (rev 31) - (C) 2005-2014 United States Government. All rights reserved.


====================================================== system under test
BBProb.main()

====================================================== search started: 1/30/20 4:30 PM
msgsSent: [0, 1]
msgsReceived: [0, 1]
Success!
msgsSent: [0, 1]
msgsReceived: [0, 1]
Success!
msgsSent: [0, 1]
msgsReceived: [0, 1]
Success!

====================================================== results
no errors detected

====================================================== statistics
elapsed time:       00:00:00
states:             new=1797,visited=2361,backtracked=4158,end=3
search:             maxDepth=87,constraints=0
choice generators:  thread=1797 (signal=43,lock=137,sharedRef=1473,threadApi=90,reschedule=54), data=0
heap:               new=1101,released=344,maxLive=675,gcCycles=3752
instructions:       42141
max memory:         245MB
loaded code:        classes=80,methods=1835

====================================================== search finished: 1/30/20 4:30 PM