JavaPathfinder core system v8.0 (rev 31) - (C) 2005-2014 United States Government. All rights reserved.


====================================================== system under test
SimpInc.main()

====================================================== search started: 1/28/20 4:42 PM
count: 1

====================================================== error 1
gov.nasa.jpf.vm.NoUncaughtExceptionsProperty
java.lang.AssertionError
        at SimpInc.main(SimpInc.java:15)


====================================================== trace #1
------------------------------------------------------ transition #0 thread: 0
gov.nasa.jpf.vm.choice.ThreadChoiceFromSet {id:"ROOT" ,1/1,isCascaded:false}
      [3157 insn w/o sources]
  SimpInc.java:1                 : public class SimpInc extends Thread {
      [2 insn w/o sources]
  SimpInc.java:1                 : public class SimpInc extends Thread {
  SimpInc.java:2                 : private static int count = 0;
  SimpInc.java:3                 : private static int count2 = 0;
  SimpInc.java:1                 : public class SimpInc extends Thread {
      [1 insn w/o sources]
  SimpInc.java:10                : Thread t = new SimpInc();
  SimpInc.java:1                 : public class SimpInc extends Thread {
      [145 insn w/o sources]
  SimpInc.java:1                 : public class SimpInc extends Thread {
  SimpInc.java:10                : Thread t = new SimpInc();
  SimpInc.java:11                : t.start();
      [1 insn w/o sources]
------------------------------------------------------ transition #1 thread: 0
gov.nasa.jpf.vm.choice.ThreadChoiceFromSet {id:"START" ,1/2,isCascaded:false}
      [2 insn w/o sources]
  SimpInc.java:12                : count++;
  SimpInc.java:13                : t.join();
      [1 insn w/o sources]
------------------------------------------------------ transition #2 thread: 1
gov.nasa.jpf.vm.choice.ThreadChoiceFromSet {id:"JOIN" ,1/1,isCascaded:false}
      [1 insn w/o sources]
  SimpInc.java:1                 : public class SimpInc extends Thread {
  SimpInc.java:6                 : count2++;
  SimpInc.java:7                 : }
  SimpInc.java:4                 :
------------------------------------------------------ transition #3 thread: 0
gov.nasa.jpf.vm.choice.ThreadChoiceFromSet {id:"TERMINATE" ,1/1,isCascaded:false}
      [2 insn w/o sources]
  SimpInc.java:14                : System.out.println("count: " + count);
      [2 insn w/o sources]
  SimpInc.java:14                : System.out.println("count: " + count);
      [2 insn w/o sources]
  SimpInc.java:14                : System.out.println("count: " + count);
      [2 insn w/o sources]
  SimpInc.java:14                : System.out.println("count: " + count);
      [2 insn w/o sources]
  SimpInc.java:14                : System.out.println("count: " + count);
      [2 insn w/o sources]
  SimpInc.java:15                : assert count == 2;
      [21 insn w/o sources]

====================================================== snapshot #1
thread java.lang.Thread:{id:0,name:main,status:RUNNING,priority:5,isDaemon:false,lockCount:0,suspendCount:0}
  call stack:
        at SimpInc.main(SimpInc.java:15)


====================================================== results
error #1: gov.nasa.jpf.vm.NoUncaughtExceptionsProperty "java.lang.AssertionError  at SimpInc.main(SimpInc...."

====================================================== statistics
elapsed time:       00:00:00
states:             new=4,visited=0,backtracked=0,end=0
search:             maxDepth=4,constraints=0
choice generators:  thread=4 (signal=0,lock=1,sharedRef=0,threadApi=2,reschedule=1), data=0
heap:               new=383,released=5,maxLive=356,gcCycles=3
instructions:       3394
max memory:         245MB
loaded code:        classes=66,methods=1516

====================================================== search finished: 1/28/20 4:42 PM