JavaPathfinder core system v8.0 (rev 31) - (C) 2005-2014 United States Government. All rights reserved.


====================================================== system under test
SimpConcInc.main()

====================================================== search started: 1/28/20 6:46 PM
count: 2
count: 1

====================================================== error 1
gov.nasa.jpf.vm.NoUncaughtExceptionsProperty
java.lang.AssertionError
        at SimpConcInc.main(SimpConcInc.java:14)


====================================================== trace #1
------------------------------------------------------ transition #0 thread: 0
gov.nasa.jpf.vm.choice.ThreadChoiceFromSet {id:"ROOT" ,1/1,isCascaded:false}
      [3157 insn w/o sources]
  SimpConcInc.java:1             : public class SimpConcInc extends Thread {
      [2 insn w/o sources]
  SimpConcInc.java:1             : public class SimpConcInc extends Thread {
  SimpConcInc.java:2             : private static int count = 0;
  SimpConcInc.java:1             : public class SimpConcInc extends Thread {
      [1 insn w/o sources]
  SimpConcInc.java:9             : Thread t = new SimpConcInc();
  SimpConcInc.java:1             : public class SimpConcInc extends Thread {
      [145 insn w/o sources]
  SimpConcInc.java:1             : public class SimpConcInc extends Thread {
  SimpConcInc.java:9             : Thread t = new SimpConcInc();
  SimpConcInc.java:10            : t.start();
      [1 insn w/o sources]
------------------------------------------------------ transition #1 thread: 1
gov.nasa.jpf.vm.choice.ThreadChoiceFromSet {id:"START" ,2/2,isCascaded:false}
      [1 insn w/o sources]
  SimpConcInc.java:1             : public class SimpConcInc extends Thread {
  SimpConcInc.java:5             : count++;
------------------------------------------------------ transition #2 thread: 0
gov.nasa.jpf.vm.choice.ThreadChoiceFromSet {id:"SHARED_CLASS" ,1/2,isCascaded:false}
      [2 insn w/o sources]
  SimpConcInc.java:11            : count++;
------------------------------------------------------ transition #3 thread: 0
gov.nasa.jpf.vm.choice.ThreadChoiceFromSet {id:"SHARED_CLASS" ,1/2,isCascaded:false}
  SimpConcInc.java:11            : count++;
------------------------------------------------------ transition #4 thread: 1
gov.nasa.jpf.vm.choice.ThreadChoiceFromSet {id:"SHARED_CLASS" ,2/2,isCascaded:false}
  SimpConcInc.java:5             : count++;
------------------------------------------------------ transition #5 thread: 0
gov.nasa.jpf.vm.choice.ThreadChoiceFromSet {id:"SHARED_CLASS" ,1/2,isCascaded:false}
  SimpConcInc.java:11            : count++;
  SimpConcInc.java:12            : t.join();
      [1 insn w/o sources]
------------------------------------------------------ transition #6 thread: 1
gov.nasa.jpf.vm.choice.ThreadChoiceFromSet {id:"JOIN" ,1/1,isCascaded:false}
  SimpConcInc.java:5             : count++;
  SimpConcInc.java:6             : }
  SimpConcInc.java:4             : public void run() {
------------------------------------------------------ transition #7 thread: 0
gov.nasa.jpf.vm.choice.ThreadChoiceFromSet {id:"TERMINATE" ,1/1,isCascaded:false}
      [2 insn w/o sources]
  SimpConcInc.java:13            : System.out.println("count: " + count);
      [2 insn w/o sources]
  SimpConcInc.java:13            : System.out.println("count: " + count);
      [2 insn w/o sources]
  SimpConcInc.java:13            : System.out.println("count: " + count);
      [2 insn w/o sources]
  SimpConcInc.java:13            : System.out.println("count: " + count);
      [2 insn w/o sources]
  SimpConcInc.java:13            : System.out.println("count: " + count);
      [2 insn w/o sources]
  SimpConcInc.java:14            : assert count == 2;
      [21 insn w/o sources]

====================================================== snapshot #1
thread java.lang.Thread:{id:0,name:main,status:RUNNING,priority:5,isDaemon:false,lockCount:0,suspendCount:0}
  call stack:
        at SimpConcInc.main(SimpConcInc.java:14)


====================================================== results
error #1: gov.nasa.jpf.vm.NoUncaughtExceptionsProperty "java.lang.AssertionError  at SimpConcInc.main(Simp..."

====================================================== statistics
elapsed time:       00:00:00
states:             new=12,visited=1,backtracked=5,end=1
search:             maxDepth=8,constraints=0
choice generators:  thread=11 (signal=0,lock=1,sharedRef=4,threadApi=4,reschedule=2), data=0
heap:               new=389,released=22,maxLive=356,gcCycles=7
instructions:       3452
max memory:         245MB
loaded code:        classes=66,methods=1516

====================================================== search finished: 1/28/20 6:46 PM